-------------------------------------------------------------------------------
      name:  <unnamed>
       log:  /Users/benarnold/WBB-primary-outcomes/src/dm/5-bangladesh-dm-conso
> rt.log
  log type:  text
 opened on:   9 Jan 2018, 17:50:22

. 
. *--------------------------------------------
. * 5-bangladesh-dm-consort.do
. *
. * ben arnold (benarnold@berkeley.edu)
. *
. * create summary datasets that track
. * compounds and children through the trial
. *
. * this will enable us to make a CONSORT flow
. * diagram of enrollment, randomization, and loss
. * and carefully identify the elidible
. * population for each analysis
. *
. *--------------------------------------------
. 
. 
. *--------------------------------------------
. * input files:
. *   3_Endline/01. WASHB_Midline_Endline_data_count_cleaned.dta
. *       washb-bangladesh-enrol.dta
. *
. * output files:
. *       washb-bangladesh-track-compound.dta
. *--------------------------------------------
. 
. 
. *--------------------------------------------
. * summarize reasons for withrawal
. * at the compound level
. *--------------------------------------------
. use "~/dropbox/WASHB-Bangladesh-Data/0-Untouched-data/1-Main-survey/3_Endline
> /01. WASHB_Midline_Endline_data_count_cleaned.dta", clear

. 
. * recode withdrawal reasons to standard categories
. * if a household was absent at year 1 but present in year 2
. * then code them as not lost
. gen miss1 = status_midline!=1

.         label var miss1 "Not measured at year 1"

. 
. gen miss2 = status_endline!=1

.         label var miss2 "Not measured at year 2"

. 
. * summary reasons for compounds missing measurements in years 1 and 2
. gen miss1reason = 0

.         label var miss1reason "Reason for no measurement in year 1"

.         label define missreason 0 "Not lost" 1 "No live birth" 2 "Refused" 3 
> "Moved away" 4 "Child death" 5 "Absent"

.         label values miss1reason missreason

. 
.         replace miss1reason = 1 if (miss1==1) & inlist(reason_midline,"FALSE 
> PREGNANCY","MISCARRIAGE", "STILL BIRTH","ABORTION")
(363 real changes made)

.         replace miss1reason = 2 if (miss1==1) & inlist(reason_midline,"REFUSE
> ")
(32 real changes made)

.         replace miss1reason = 3 if (miss1==1) & inlist(reason_midline,"MIGRAT
> ION OUT")
(57 real changes made)

.         replace miss1reason = 4 if (miss1==1) & inlist(reason_midline,"CHILD 
> DEATH")
(197 real changes made)

.         replace miss1reason = 5 if (miss1==1) & inlist(reason_midline,"ABSENT
> ")
(186 real changes made)

. 
.         
. * summary reason for a compound lost from the study population
. gen miss2reason = .
(5,551 missing values generated)

.         label var miss2reason "Reason for no measurement in year 2"

.         label values miss2reason missreason

.         
.         * start with year 2 reasons
.         replace miss2reason = 1 if (miss2==1) & inlist(reason_endline,"FALSE 
> PREGNANCY","MISCARRIAGE", "STILL BIRTH","ABORTION")
(0 real changes made)

.         replace miss2reason = 2 if (miss2==1) & inlist(reason_endline,"REFUSE
> ")
(47 real changes made)

.         replace miss2reason = 3 if (miss2==1) & inlist(reason_endline,"MIGRAT
> ION OUT")
(55 real changes made)

.         replace miss2reason = 4 if (miss2==1) & inlist(reason_endline,"CHILD 
> DEATH")
(23 real changes made)

.         replace miss2reason = 5 if (miss2==1) & inlist(reason_endline,"ABSENT
> ")
(173 real changes made)

.         
.         * back fill with year 1 reasons
.         /*
>         *** commented out in January 2018 because Lancet is asking for strati
> fied 
>         *** estimates by round of measurement --> no longer traking losses cu
> mulatively
>         replace miss2reason = 1 if (miss2==1) & (miss2reason==.) & inlist(rea
> son_midline,"FALSE PREGNANCY","MISCARRIAGE", "STILL BIRTH","ABORTION")
>         replace miss2reason = 2 if (miss2==1) & (miss2reason==.) & inlist(rea
> son_midline,"REFUSE")
>         replace miss2reason = 3 if (miss2==1) & (miss2reason==.) & inlist(rea
> son_midline,"MIGRATION OUT")
>         replace miss2reason = 4 if (miss2==1) & (miss2reason==.) & inlist(rea
> son_midline,"CHILD DEATH")
>         replace miss2reason = 5 if (miss2==1) & (miss2reason==.) & inlist(rea
> son_midline,"ABSENT")
>         */
.         
.         replace miss2reason = 0 if (miss2==0)
(4,639 real changes made)

.         *assert miss2reason!=.
.         
. 
. keep dataid miss1 miss1reason miss2 miss2reason

. order dataid miss1 miss1reason miss2 miss2reason

. sort dataid

. tempfile withd

. save `withd'
file /var/folders/rr/cz_9j6zj16s2h636vy80zf940000gn/T//S_02827.000001 saved

. 
. *--------------------------------------------
. * CONSORT flow: compounds
. *--------------------------------------------
. use "~/dropbox/WASHB-Bangladesh-Data/1-primary-outcome-datasets/washb-banglad
> esh-enrol.dta", clear
(Bangladesh enrollment analysis dataset (HH obs), created by 2-bangladesh-dm-en
> ro)

. keep dataid clusterid block

. sort dataid

. merge 1:1 dataid using `withd'

    Result                           # of obs.
    -----------------------------------------
    not matched                             0
    matched                             5,551  (_merge==3)
    -----------------------------------------

. assert _merge==3

. drop _merge

. compress
  variable miss1 was float now byte
  variable miss1reason was float now byte
  variable miss2 was float now byte
  variable miss2reason was float now byte
  (66,612 bytes saved)

. sort dataid

. 
. 
. label data "WASH Benefits Bangladesh tracking file, compounds"

. saveold "~/dropbox/WASHB-Bangladesh-Data/1-primary-outcome-datasets/washb-ban
> gladesh-track-compound.dta", version(12) replace
(saving in Stata 12 format, which can be read by Stata 11 or 12)
file ~/dropbox/WASHB-Bangladesh-Data/1-primary-outcome-datasets/washb-banglades
> h-track-compound.dta saved

. outsheet using "~/dropbox/WASHB-Bangladesh-Data/1-primary-outcome-datasets/wa
> shb-bangladesh-track-compound.csv", comma replace

. 
. log close
      name:  <unnamed>
       log:  /Users/benarnold/WBB-primary-outcomes/src/dm/5-bangladesh-dm-conso
> rt.log
  log type:  text
 closed on:   9 Jan 2018, 17:50:22
-------------------------------------------------------------------------------
