--------------------------------------------------------------------------------
      name:  <unnamed>
       log:  /Users/benarnold/WASHB-Bangladesh-primary-outcomes/src/dm/7-banglad
> esh-hbgdki-data-extract.log
  log type:  text
 opened on:  18 Oct 2016, 09:37:58

. 
. *--------------------------------------------
. * 7-bangladesh-hbgdki-data-extract.do
. *
. * ben arnold (benarnold@berkeley.edu)
. *
. * extract data from the WASH Benefits Bangladesh
. * trial to share with the HBGDki initiative
. *
. *--------------------------------------------
. 
. 
. 
. 
. *--------------------------------------------
. * input files:
. *  final/washb-bangladesh-enrol.dta
. *  final/washb-bangladesh-anthro.dta
. *  final/washb-bangladesh-diar.dta
. *  final/washb-bangladesh-tr.dta
. *
. * output files:
. *  HBGDki-extract/washb-bangladesh-hbgdki-enrol.dta / .csv
. *  HBGDki-extract/washb-bangladesh-hbgdki-anthro.dta / .csv
. *  HBGDki-extract/washb-bangladesh-hbgdki-diar.dta / .csv
. *  HBGDki-extract/washb-bangladesh-hbgdki-tr.dta / .csv
. *--------------------------------------------
. 
. *--------------------------------------------
. * loss to follow-up dataset
. *--------------------------------------------
. use "~/dropbox/WASHB-Bangladesh-Data/1-primary-outcome-datasets/washb-banglade
> sh-track-compound.dta", clear
(WASH Benefits Bangladesh tracking file, compounds)

. 
. keep dataid miss1* miss2*

. sort dataid

. tempfile track

. save `track'
file /var/folders/1g/dryqjv753dv7rgwhzs2lyl140000gp/T//S_00643.000001 saved

. 
. 
. *--------------------------------------------
. * enrollment dataset
. *--------------------------------------------
. 
. use "~/dropbox/WASHB-Bangladesh-Data/1-primary-outcome-datasets/washb-banglade
> sh-enrol.dta", clear
(Bangladesh enrollment analysis dataset (HH obs), created by 2-bangladesh-dm-enr
> o)

. 
. * drop union names
. label drop q4008_lbl

. 
. * drop randomiation and treatment assignments
. drop block tr

. 
. * drop hhid
. drop hhid

. 
. * merge in the compound tracking information
. sort dataid

. merge 1:1 dataid using `track'

    Result                           # of obs.
    -----------------------------------------
    not matched                             0
    matched                             5,551  (_merge==3)
    -----------------------------------------

. assert _merge==3

. drop _merge

. 
. * add some additional notes
. notes odch815 : Open defecation among children missing if no children in that 
> age range in household

. notes odch38 : Open defecation among children missing if no children in that a
> ge range in household

. notes odchu3 : Open defecation among children missing if no children in that a
> ge range in household

. notes asset_clock : Clock measurement missing in 2,859 households

. 
. saveold "~/dropbox/WBB-primary-analysis/data/HBGDki-extract/washb-bangladesh-h
> bgdki-enrol.dta", replace version(12)
(saving in Stata 12 format, which can be read by Stata 11 or 12)
file ~/dropbox/WBB-primary-analysis/data/HBGDki-extract/washb-bangladesh-hbgdki-
> enrol.dta saved

. outsheet using "~/dropbox/WBB-primary-analysis/data/HBGDki-extract/washb-bangl
> adesh-hbgdki-enrol.csv", comma replace

. desc

Contains data from ~/dropbox/WBB-primary-analysis/data/HBGDki-extract/washb-bang
> ladesh-hbgdki-enrol.dta
  obs:         5,551                          Bangladesh enrollment analysis
                                                dataset (HH obs), created by
                                                2-bangladesh-dm-enro
 vars:            73                          18 Oct 2016 09:37
 size:       516,243                          
--------------------------------------------------------------------------------
              storage   display    value
variable name   type    format     label      variable label
--------------------------------------------------------------------------------
dataid          str5    %5s                   dataid
clusterid       str3    %9s                   Cluster ID
union           int     %18.0g     q4008_lbl
                                              Administrative union (q4008)
fracode         str6    %6s                   FRA code (q4001)
svydate         int     %d                    Survey date
Nhh             byte    %9.0g                 Number of persons in household
                                                (q012)
Nlt18           byte    %9.0g                 N indivs in HH <=18y
Ncomp           byte    %9.0g                 Total indivs in compound
momage          byte    %9.0g                 Mother's age, years
momheight       float   %9.0g                 Maternal height (median)
momedu          byte    %15.0g     momedu     Mother's education (category)
momeduy         byte    %9.0g                 Mother, years of education (q009)
dadeduy         byte    %9.0g                 Father, years of education (q010)
dadagri         byte    %9.0g                 Father works in agriculture (q011)
landacre        float   %9.0g                 Acres of land owned (q4110)
hfias           byte    %8.0g                 HFIAs food insecurity score (0-27)
hfiacat         byte    %24.0g     hfiacat    HFIAS food insecurity category
tubewell        byte    %8.0g                 Primary water source: shallow
                                                tubewell (q1010)
watmin          int     %9.0g                 Dist (mins) to primary water
                                                source
storewat        byte    %8.0g                 Store drinking water (q1003)
odmen           byte    %8.0g                 Daily OD, adult men (q801a)
odwom           byte    %8.0g                 Daily OD, adult women (q801b)
odch815         byte    %8.0g               * Daily OD, children 8-15 (q801e)
odch38          byte    %8.0g               * Daily OD, children 3-8 (q801d)
odchu3          byte    %8.0g               * Daily OD, children <3 (q801c)
latown          byte    %8.0g                 Own their latrine (not shared)
                                                (q816)
latslab         byte    %8.0g                 Latrine has concrete slab (q809_7)
latseal         byte    %8.0g                 Latrine has functional water seal
                                                (q809_9a)
latfeces        byte    %8.0g                 No visible feces on slab/floor of
                                                latrine
potty           byte    %8.0g                 Has a potty for child defecation
humfeces        byte    %8.0g                 Human feces observed in
                                                house/compound (q4201,4203,4205)
humfecesch      byte    %8.0g                 Human feces obs in loc where child
                                                spends most time (q4203)
hwlat           byte    %8.0g                 Has handwashing loc w/in 6 steps
                                                of latrine
hwlatwat        byte    %8.0g                 Has handwashing loc w/in 6 steps
                                                of latrine w/ water
hwlatsoap       byte    %8.0g                 Has handwashing loc w/in 6 steps
                                                of latrine w/ soap
hwkit           byte    %8.0g                 Has handwashing loc w/in 6 steps
                                                of kitchen
hwkitwat        byte    %8.0g                 Has handwashing loc w/in 6 steps
                                                of kitchen w/ water
hwkitsoap       byte    %8.0g                 Has handwashing loc w/in 6 steps
                                                of kitchen w/ soap
hwsw            byte    %8.0g                 Prim handwashing loc has water
                                                (q704_1)
hwss            byte    %8.0g                 Prim handwashing loc has soap
                                                (q704_2-6)
hwsws           byte    %8.0g                 Prim handwashing loc has
                                                water+soap (q704_1-6)
roof            byte    %8.0g                 Improved roof material (tin,
                                                cement)
walls           byte    %8.0g                 Improved wall material (wood,
                                                brick, tin)
floor           byte    %8.0g                 Improved floor (wood, concrete)
cement          byte    %8.0g                 Has cement floor (q4103)
elec            byte    %8.0g                 Household has electricity
asset_radio     byte    %8.0g                 households have radio
asset_tvbw      byte    %8.0g                 households have B/W television
asset_tvcol     byte    %8.0g                 households have color television
asset_refrig    byte    %8.0g                 households have Refrigerator
asset_bike      byte    %8.0g                 households have bicycle
asset_moto      byte    %8.0g                 households have motorcycle
asset_sewmach   byte    %8.0g                 households have sewing machine
asset_phone     byte    %8.0g                 number of land phone
asset_tv        byte    %9.0g                 Has bw or color TV
asset_wardrobe  byte    %9.0g                 Has >=1 wardrobe
asset_table     byte    %9.0g                 Has >=1 table
asset_chair     byte    %9.0g                 Has >=1 chair
asset_clock     byte    %9.0g               * Has >=1 clock
asset_khat      byte    %9.0g                 Has >=1 khat
asset_chouki    byte    %9.0g                 Has >=1 chouki
asset_mobile    byte    %9.0g                 Has >=1 mobile
n_asset_wardr~e byte    %8.0g                 number of waredrobe
n_asset_table   byte    %8.0g                 number of Tables
n_asset_chair   byte    %8.0g                 number of Chair
n_asset_clock   byte    %8.0g                 number of clock
n_asset_khat    byte    %8.0g                 number of Khat
n_asset_chouki  byte    %8.0g                 number of chouki
n_asset_mobile  byte    %8.0g                 number of mobile phone
miss1           byte    %9.0g                 Not measured at year 1
miss1reason     byte    %13.0g     missreason
                                              Reason for no measurement in year
                                                1
miss2           byte    %9.0g                 Not measured at year 2
miss2reason     byte    %13.0g     missreason
                                              Reason for no measurement in year
                                                2
                                            * indicated variables have notes
--------------------------------------------------------------------------------
Sorted by: dataid

. codebook, c

Variable       Obs Unique      Mean     Min    Max  Label
--------------------------------------------------------------------------------
dataid        5551   5551         .       .      .  dataid
clusterid     5551    720         .       .      .  Cluster ID
union         5551    139  66.74851       1    139  Administrative union (q4008)
fracode       5551     28         .       .      .  FRA code (q4001)
svydate       5551    209  19410.03   19144  19546  Survey date
Nhh           5551     21  4.680958       1     23  Number of persons in hous...
Nlt18         5551     11  1.593046       0     10  N indivs in HH <=18y
Ncomp         5551     44  10.99784       2     52  Total indivs in compound
momage        5531     33  23.76749      14     60  Mother's age, years
momheight     4811    702  150.5354  120.65    168  Maternal height (median)
momedu        5551      3  1.373086       0      2  Mother's education (categ...
momeduy       5551     18  5.815889       0     17  Mother, years of educatio...
dadeduy       5539     18  4.854306       0     17  Father, years of educatio...
dadagri       5549      2  .3146513       0      1  Father works in agricultu...
landacre      5258    105  .1455725       0   8.88  Acres of land owned (q4110)
hfias         5551     24  1.901099       0     24  HFIAs food insecurity sco...
hfiacat       5551      4  1.569267       1      4  HFIAS food insecurity cat...
tubewell      5551      2  .7400468       0      1  Primary water source: sha...
watmin        5551     22  .9351468       0    600  Dist (mins) to primary wa...
storewat      5551      2  .4761304       0      1  Store drinking water (q1003)
odmen         5446      2  .0762027       0      1  Daily OD, adult men (q801a)
odwom         5547      2  .0425455       0      1  Daily OD, adult women (q8...
odch815       2295      2  .1002179       0      1  Daily OD, children 8-15 (...
odch38        2854      2   .379117       0      1  Daily OD, children 3-8 (q...
odchu3        1158      2   .835924       0      1  Daily OD, children <3 (q8...
latown        5551      2  .5361196       0      1  Own their latrine (not sh...
latslab       5313      2  .9371353       0      1  Latrine has concrete slab...
latseal       4671      2  .2932991       0      1  Latrine has functional wa...
latfeces      5202      2  .4921184       0      1  No visible feces on slab/...
potty         5549      2  .0439719       0      1  Has a potty for child def...
humfeces      5545      2  .0829576       0      1  Human feces observed in h...
humfecesch    5542      2  .0113677       0      1  Human feces obs in loc wh...
hwlat         5551      2  .1138534       0      1  Has handwashing loc w/in ...
hwlatwat      5069      2  .1195502       0      1  Has handwashing loc w/in ...
hwlatsoap     5069      2  .0654962       0      1  Has handwashing loc w/in ...
hwkit         5551      2  .0990812       0      1  Has handwashing loc w/in ...
hwkitwat      5069      2  .0877885       0      1  Has handwashing loc w/in ...
hwkitsoap     5069      2  .0260406       0      1  Has handwashing loc w/in ...
hwsw          5069      2  .9420004       0      1  Prim handwashing loc has ...
hwss          5069      2  .2351549       0      1  Prim handwashing loc has ...
hwsws         5069      2  .2337739       0      1  Prim handwashing loc has ...
roof          5551      2  .9855882       0      1  Improved roof material (t...
walls         5551      2  .7191497       0      1  Improved wall material (w...
floor         5551      2  .1050261       0      1  Improved floor (wood, con...
cement        5551      2  .1050261       0      1  Has cement floor (q4103)
elec          5551      2  .5883625       0      1  Household has electricity
asset_radio   5551      2  .0407134       0      1  households have radio
asset_tvbw    5551      2  .0816069       0      1  households have B/W telev...
asset_tvcol   5551      2  .2277067       0      1  households have color tel...
asset_refrig  5551      2  .0787246       0      1  households have Refrigerator
asset_bike    5551      2  .3107548       0      1  households have bicycle
asset_moto    5551      2  .0652135       0      1  households have motorcycle
asset_sewm~h  5551      2  .0641326       0      1  households have sewing ma...
asset_phone   5551      3  .0045037       0      9  number of land phone
asset_tv      5551      2  .2992254       0      1  Has bw or color TV
asset_ward~e  5551      2  .1650153       0      1  Has >=1 wardrobe
asset_table   5551      2  .7250946       0      1  Has >=1 table
asset_chair   5551      2  .7276166       0      1  Has >=1 chair
asset_clock   2692      2  .7451709       0      1  Has >=1 clock
asset_khat    5551      2  .6103405       0      1  Has >=1 khat
asset_chouki  5551      2  .7870654       0      1  Has >=1 chouki
asset_mobile  5551      2  .8553414       0      1  Has >=1 mobile
n_asset_wa~e  5551      8  .2250045       0      8  number of waredrobe
n_asset_ta~e  5551     10  1.079805       0     10  number of Tables
n_asset_ch~r  5551     22  2.253468       0     25  number of Chair
n_asset_cl~k  2692     11   1.18685       0     10  number of clock
n_asset_khat  5551     11  1.032066       0     10  number of Khat
n_asset_ch~i  5551      7  1.239596       0      6  number of chouki
n_asset_mo~e  5551     12  1.556656       0     13  number of mobile phone
miss1         5551      2  .1500631       0      1  Not measured at year 1
miss1reason   5551      6  .4168618       0      5  Reason for no measurement...
miss2         5551      2  .1642947       0      1  Not measured at year 2
miss2reason   5551      6  .4570348       0      5  Reason for no measurement...
--------------------------------------------------------------------------------

. 
. * write a codebook for the dataset
. log close
      name:  <unnamed>
       log:  /Users/benarnold/WASHB-Bangladesh-primary-outcomes/src/dm/7-banglad
> esh-hbgdki-data-extract.log
  log type:  text
 closed on:  18 Oct 2016, 09:37:59
--------------------------------------------------------------------------------
--------------------------------------------------------------------------------
      name:  <unnamed>
       log:  /Users/benarnold/WASHB-Bangladesh-primary-outcomes/src/dm/7-banglad
> esh-hbgdki-data-extract.log
  log type:  text
 opened on:  18 Oct 2016, 09:38:00

. 
. 
. *--------------------------------------------
. * uptake dataset
. *--------------------------------------------
. 
. use "~/dropbox/WASHB-Bangladesh-Data/1-primary-outcome-datasets/washb-banglade
> sh-uptake.dta", clear
(Bangladesh uptake analysis dataset (compound-svy obs), created by 6-bangladesh-
> d)

. 
. * drop randomiation block
. drop block

. label var clusterid "Cluster ID"

. 
. sort clusterid

. 
. * add some notes
. note: The lnsn and rlnsn variables measure LNS consumption based on empty sach
> ets collected (lnsn) and reported consumed (rlnsn) over the past week. These i
> ndicators were not measured at enrollment. Unlike other uptake measures, they 
> were only collected in arms that received the nutrition intervention. The lnsn
>  variable is more often missing than the reported version, and so we recommend
>  using reported values.

. note lnsn: "Estimated from sachets collected (missing in many cases)"

. note lnsp: "Proportion of 14 sachets (2 per day) consumed over the past week b
> y index child"

. note rlnsp: "Proportion of 14 sachets (2 per day) consumed over the past week 
>  by index child"

. note freechl: "Free chlorine in stored water was not measured at enrollment"

. 
. saveold "~/dropbox/WBB-primary-analysis/data/HBGDki-extract/washb-bangladesh-h
> bgdki-uptake.dta", replace version(12)
(saving in Stata 12 format, which can be read by Stata 11 or 12)
file ~/dropbox/WBB-primary-analysis/data/HBGDki-extract/washb-bangladesh-hbgdki-
> uptake.dta saved

. outsheet using "~/dropbox/WBB-primary-analysis/data/HBGDki-extract/washb-bangl
> adesh-hbgdki-uptake.csv", comma replace

. desc

Contains data from ~/dropbox/WBB-primary-analysis/data/HBGDki-extract/washb-bang
> ladesh-hbgdki-uptake.dta
  obs:        14,906                          Bangladesh uptake analysis
                                                dataset (compound-svy obs),
                                                created by 6-bangladesh-d
 vars:            16                          18 Oct 2016 09:38
 size:       476,992                          (_dta has notes)
--------------------------------------------------------------------------------
              storage   display    value
variable name   type    format     label      variable label
--------------------------------------------------------------------------------
dataid          str5    %5s                   Compound ID
clusterid       str3    %9s                   Cluster ID
svy             byte    %9.0g                 Survey round (0,1,2)
svydate         int     %d                    Survey date
storewat        byte    %8.0g                 Store drinking water (q10001)
freechl         byte    %8.0g               * Free chlorine detected in stored
                                                water (>0.1 mg/L)
latseal         byte    %8.0g                 Latrine has functional water seal
                                                (q809_9a)
latfeces        byte    %8.0g                 No visible feces on slab/floor of
                                                latrine
humfeces        byte    %8.0g                 No human feces observed in
                                                house/compound (q4201,4203,4205)
hwsw            byte    %8.0g                 Prim handwashing loc has water
                                                (q704_1)
hwss            byte    %8.0g                 Prim handwashing loc has soap
                                                (q704_2-6)
hwsws           byte    %8.0g                 Prim handwashing loc has
                                                water+soap (q704_1-6)
lnsn            float   %9.0g               * LNS sachets consumed per week
lnsp            float   %9.0g               * Percent of expected LNS sachets
                                                consumed
rlnsn           byte    %9.0g                 LNS sachets consumed per week
                                                (reported)
rlnsp           float   %9.0g               * Percent of expected LNS sachets
                                                consumed (reported)
                                            * indicated variables have notes
--------------------------------------------------------------------------------
Sorted by: clusterid

. codebook, c

Variable     Obs Unique      Mean    Min    Max  Label
--------------------------------------------------------------------------------
dataid     14906   5551         .      .      .  Compound ID
clusterid  14906    720         .      .      .  Cluster ID
svy        14906      3  .9388166      0      2  Survey round (0,1,2)
svydate    14906    608  19789.14  19144  20392  Survey date
storewat   14906      2  .5748692      0      1  Store drinking water (q10001)
freechl     9283      2  .3088441      0      1  Free chlorine detected in st...
latseal    13546      2   .468404      0      1  Latrine has functional water...
latfeces   14281      2  .6208249      0      1  No visible feces on slab/flo...
humfeces   14900      2  .9449664      0      1  No human feces observed in h...
hwsw       14081      2     .9358      0      1  Prim handwashing loc has wat...
hwss       14081      2  .4300121      0      1  Prim handwashing loc has soa...
hwsws      14081      2  .4253249      0      1  Prim handwashing loc has wat...
lnsn        1793    381  15.11812    -56    434  LNS sachets consumed per week
lnsp        1793    381  1.079865     -4     31  Percent of expected LNS sach...
rlnsn       1979     15  13.09096      0     49  LNS sachets consumed per wee...
rlnsp       1979     15  .9350682      0    3.5  Percent of expected LNS sach...
--------------------------------------------------------------------------------

. 
. * write a codebook for the dataset
. log close
      name:  <unnamed>
       log:  /Users/benarnold/WASHB-Bangladesh-primary-outcomes/src/dm/7-banglad
> esh-hbgdki-data-extract.log
  log type:  text
 closed on:  18 Oct 2016, 09:38:01
--------------------------------------------------------------------------------
--------------------------------------------------------------------------------
      name:  <unnamed>
       log:  /Users/benarnold/WASHB-Bangladesh-primary-outcomes/src/dm/7-banglad
> esh-hbgdki-data-extract.log
  log type:  text
 opened on:  18 Oct 2016, 09:38:02

. *--------------------------------------------
. * anthropometry dataset
. *--------------------------------------------
. 
. use "~/dropbox/WASHB-Bangladesh-Data/1-primary-outcome-datasets/washb-banglade
> sh-anthro.dta", clear
(Bangladesh anthropometry analysis dataset, created by 4-bangladesh-dm-anthro.do
> )

. 
. 
. * drop randomiation block
. drop block

. 
. * add some additional notes
. note: Anthropometry measurements collected at approximately 1 and 2 years afte
> r intervention (svy=1|2)

. note: Anthropometry Z-scores calculated using the zscore06 Stata macro (laz, w
> az, whz, bmiz) and the WHO igrowup Stata macro (hcz)

. note birthord: Birth order measured at year 2 and is missing for children not 
> present at year 2

. 
. saveold "~/dropbox/WBB-primary-analysis/data/HBGDki-extract/washb-bangladesh-h
> bgdki-anthro.dta", replace version(12)
(saving in Stata 12 format, which can be read by Stata 11 or 12)
file ~/dropbox/WBB-primary-analysis/data/HBGDki-extract/washb-bangladesh-hbgdki-
> anthro.dta saved

. outsheet using "~/dropbox/WBB-primary-analysis/data/HBGDki-extract/washb-bangl
> adesh-hbgdki-anthro.csv", comma replace

. desc

Contains data from ~/dropbox/WBB-primary-analysis/data/HBGDki-extract/washb-bang
> ladesh-hbgdki-anthro.dta
  obs:         9,341                          Bangladesh anthropometry
                                                analysis dataset, created by
                                                4-bangladesh-dm-anthro.do
 vars:            48                          18 Oct 2016 09:38
 size:     2,073,702                          (_dta has notes)
--------------------------------------------------------------------------------
              storage   display    value
variable name   type    format     label      variable label
--------------------------------------------------------------------------------
dataid          str5    %5s                   Compound ID
childid         str2    %9s                   Child ID
motherid        str2    %2s                   Mother ID
tchild          byte    %12.0g     tchild     Target child in birth cohort
clusterid       str3    %9s                   Cluster ID
svy             byte    %9.0g                 Survey round (0,1,2)
anthrodate      int     %d                    Date of anthro measurement
month           byte    %9.0g                 Month of measurement
c404            double  %10.0g                Maternal weight meas 1
c405            double  %10.0g                Maternal weight meas 2
c406            double  %10.0g                Maternal weight meas 3
c408            double  %10.0g                Child weight w/ mother meas 1
c409            double  %10.0g                Child weight w/ mother meas 2
c410            double  %10.0g                Child weight w/ mother meas 3
c411            double  %10.0g                Child weight meas 1
c412            double  %10.0g                Child weight meas 2
c413            double  %10.0g                Child weight meas 3
c414            double  %10.0g                Child length meas 1
c415            double  %10.0g                Child length meas 2
c416            double  %10.0g                Child length meas 3
c418            double  %10.0g                Head circumference meas 1
c419            double  %10.0g                Head circumference meas 2
c420            double  %10.0g                Head circumference meas 3
sex             byte    %10.0g     sex        Sex
birthord        byte    %8.0g               * Birth order (target child)
dob             int     %d                    Date of birth
aged            int     %9.0g                 Age in days (anthro meas)
agem            double  %10.0g                Age in months (anthro meas)
agey            double  %10.0g                Age in years (anthro meas)
weight          float   %9.0g               * Child weight (median), kg
length          float   %9.0g               * Child length (median), cm
headcir         float   %9.0g               * Child head circumference (median),
                                                cm
laz             double  %10.0g                Length/height-for-age Z-score
laz_x           byte    %9.0g                 abs(LAZ)>6, set to missing
lazminus2       byte    %8.0g                 Stunted (LAZ<-2)
lazminus3       byte    %8.0g                 Severely Stunted (LAZ<-3)
waz             double  %10.0g                Weight-for-age Z-score
waz_x           byte    %9.0g                 WAZ < -6 or WAZ > 5, set to
                                                missing
wazminus2       byte    %8.0g                 Underweight (WAZ<-2)
wazminus3       byte    %8.0g                 Severely Underweight (WAZ<-3)
whz             double  %10.0g                Weight-for-length/height Z-score
whz_x           byte    %9.0g                 abs(WHZ)>5, set to missing
whzminus2       byte    %8.0g                 Wasted (WHZ<-2)
whzminus3       byte    %8.0g                 Severely Wasted (WHZ<-3)
bmiz            double  %10.0g                BMI-for-age Z-score
bmiz_x          byte    %9.0g                 abs(BMIZ)>5, set to missing
hcz             double  %10.0g                Head circumference-for-age z-score
hcz_x           byte    %9.0g                 abs(HCZ)>5, set to missing
                                            * indicated variables have notes
--------------------------------------------------------------------------------
Sorted by: dataid  childid  svy

. codebook, c

Variable     Obs Unique       Mean       Min       Max  Label
--------------------------------------------------------------------------------
dataid      9341   4845          .         .         .  Compound ID
childid     9341      2          .         .         .  Child ID
motherid    4708      8          .         .         .  Mother ID
tchild      9341      1          1         1         1  Target child in birth...
clusterid   9341    720          .         .         .  Cluster ID
svy         9341      2   1.495985         1         2  Survey round (0,1,2)
anthrodate  9341    432   20014.88     19616     20416  Date of anthro measur...
month       9341     12   6.083289         1        12  Month of measurement
c404        9326    853   46.13421     26.15        90  Maternal weight meas 1
c405        9325    849   46.13752      26.2        90  Maternal weight meas 2
c406        1909    614    46.9841      27.7     82.65  Maternal weight meas 3
c408        7242    850     54.083     33.25     92.95  Child weight w/ mothe...
c409        7242    858   54.08475     33.05     92.75  Child weight w/ mothe...
c410        2127    670   54.66467     33.15     92.95  Child weight w/ mothe...
c411        2099    152   9.862292       5.2        19  Child weight meas 1
c412        2099    149   9.864845       5.2        19  Child weight meas 2
c413          66     46   10.54015      8.25     14.35  Child weight meas 3
c414        9341    351   78.84865      42.1     999.9  Child length meas 1
c415        9341    351   81.54569      42.2     999.9  Child length meas 2
c416         500    197   187.1126         0     999.9  Child length meas 3
c418        9341    145   43.88806      34.9      99.9  Head circumference me...
c419        9341    148   43.92715        35      99.9  Head circumference me...
c420         120     60    48.2225      37.5     442.4  Head circumference me...
sex         9341      2   .4978054         0         1  Sex
birthord    9098     11   2.270719         1        11  Birth order (target c...
dob         9341    529   19541.95     19208     19845  Date of birth
aged        9341    636   472.9363        42      1159  Age in days (anthro m...
agem        9341    636   15.54857   1.38082  38.10407  Age in months (anthro...
agey        9341    636   1.294829  .1149897  3.173169  Age in years (anthro ...
weight      9341    403   8.586539     3.275        19  Child weight (median)...
length      9291    652   73.90887     42.15     99.65  Child length (median)...
headcir     9334    260   43.85804     34.95     69.15  Child head circumfere...
laz         9277    645  -1.471444     -5.68      5.18  Length/height-for-age...
laz_x       9305      2   .0030091         0         1  abs(LAZ)>6, set to mi...
lazminus2   9277      2   .3089361         0         1  Stunted (LAZ<-2)
lazminus3   9277      2   .0807373         0         1  Severely Stunted (LAZ...
waz         9336    656    -1.3215     -5.48      4.28  Weight-for-age Z-score
waz_x       9341      2   .0005353         0         1  WAZ < -6 or WAZ > 5, ...
wazminus2   9336      2   .2572836         0         1  Underweight (WAZ<-2)
wazminus3   9336      2   .0595544         0         1  Severely Underweight ...
whz         9283    605  -.7139998     -4.91      4.97  Weight-for-length/hei...
whz_x       9305      2   .0023643         0         1  abs(WHZ)>5, set to mi...
whzminus2   9283      2   .0929656         0         1  Wasted (WHZ<-2)
whzminus3   9283      2   .0087256         0         1  Severely Wasted (WHZ<-3)
bmiz        9280    589  -.5955172     -4.57      4.67  BMI-for-age Z-score
bmiz_x      9305      2   .0026867         0         1  abs(BMIZ)>5, set to m...
hcz         9302    582  -1.470372     -4.96      3.33  Head circumference-fo...
hcz_x       9334      2   .0034283         0         1  abs(HCZ)>5, set to mi...
--------------------------------------------------------------------------------

. 
. * write a codebook for the dataset
. log close
      name:  <unnamed>
       log:  /Users/benarnold/WASHB-Bangladesh-primary-outcomes/src/dm/7-banglad
> esh-hbgdki-data-extract.log
  log type:  text
 closed on:  18 Oct 2016, 09:38:03
--------------------------------------------------------------------------------
--------------------------------------------------------------------------------
      name:  <unnamed>
       log:  /Users/benarnold/WASHB-Bangladesh-primary-outcomes/src/dm/7-banglad
> esh-hbgdki-data-extract.log
  log type:  text
 opened on:  18 Oct 2016, 09:38:04

. *--------------------------------------------
. * diarrhea dataset
. *--------------------------------------------
. 
. use "~/dropbox/WASHB-Bangladesh-Data/1-primary-outcome-datasets/washb-banglade
> sh-diar.dta", clear
(Bangladesh diarrhea dataset, created by 3-bangladesh-dm-diar.do)

. 
. * drop randomiation block
. drop block

. 
. 
. 
. saveold "~/dropbox/WBB-primary-analysis/data/HBGDki-extract/washb-bangladesh-h
> bgdki-diar.dta", replace version(12)
(saving in Stata 12 format, which can be read by Stata 11 or 12)
file ~/dropbox/WBB-primary-analysis/data/HBGDki-extract/washb-bangladesh-hbgdki-
> diar.dta saved

. outsheet using "~/dropbox/WBB-primary-analysis/data/HBGDki-extract/washb-bangl
> adesh-hbgdki-diar.csv", comma replace

. desc

Contains data from ~/dropbox/WBB-primary-analysis/data/HBGDki-extract/washb-bang
> ladesh-hbgdki-diar.dta
  obs:        22,594                          Bangladesh diarrhea dataset,
                                                created by
                                                3-bangladesh-dm-diar.do
 vars:            27                          18 Oct 2016 09:38
 size:     1,084,512                          
--------------------------------------------------------------------------------
              storage   display    value
variable name   type    format     label      variable label
--------------------------------------------------------------------------------
dataid          str5    %5s                   Unique compound ID
childid         str3    %3s                   Child ID
tchild          byte    %12.0g     tchild     Target child in birth cohort
clusterid       str3    %9s                   Cluster ID
svy             byte    %9.0g                 Survey round (0,1,2)
svydate         int     %d                    Survey date
month           byte    %9.0g                 Month of measurement
sex             byte    %10.0g     sex        Sex (1=male)
dob             int     %d                    Date of birth
agedays         int     %9.0g                 Age in days
ageyrs          float   %9.0g                 Age in years
enrolage        double  %10.0g                Age at enrollment, years
newbirth        byte    %8.0g                 New birth
sibnewbirth     byte    %8.0g                 Sibling (non-index child) new
                                                birth
gt36mos         byte    %8.0g                 Older than 36 mos at enrollment
d3plus2d        byte    %8.0g                 3+ stools in 24 hr, 2d recall
d3plus7d        byte    %8.0g                 3+ stools in 24 hr, 7d recall
dloose2d        byte    %8.0g                 loose or watery stool, 2d recall
dloose7d        byte    %8.0g                 loose or watery stool, 7d recall
dblood2d        byte    %8.0g                 blood in stool, 2d recall
dblood7d        byte    %8.0g                 blood in stool, 7d recall
diar2d          byte    %8.0g               * Diarrhea case, 2d recall
diar7d          byte    %8.0g               * Diarrhea case, 7d recall
bruise2d        byte    %8.0g                 Bruising, 2d recall
bruise7d        byte    %8.0g                 Bruising, 7d recall
tooth2d         byte    %8.0g                 Toothache, 2d recall
tooth7d         byte    %8.0g                 Toothache, 7d recall
                                            * indicated variables have notes
--------------------------------------------------------------------------------
Sorted by: dataid  childid

. codebook, c

Variable       Obs Unique      Mean        Min       Max  Label
--------------------------------------------------------------------------------
dataid       22594   5197         .          .         .  Unique compound ID
childid      22594     13         .          .         .  Child ID
tchild       22594      2  .4166593          0         1  Target child in bir...
clusterid    22594    720         .          .         .  Cluster ID
svy          22594      3  1.278215          0         2  Survey round (0,1,2)
svydate      22594    610  19932.19      19144     20392  Survey date
month        22594     12  5.712224          1        12  Month of measurement
sex          22594      2  .4973887          0         1  Sex (1=male)
dob          22594   1934  19252.73      18069     20369  Date of birth
agedays      22594   1906  679.4641        -42      2013  Age in days
ageyrs       22594   1906  1.860271  -.1149897  5.511293  Age in years
enrolage     22594   1833  .4476507  -2.683094  3.000684  Age at enrollment, ...
newbirth     22594      2  .5492609          0         1  New birth
sibnewbirth  22594      2  .1326016          0         1  Sibling (non-index ...
gt36mos      22594      1         0          0         0  Older than 36 mos a...
d3plus2d     19849      2  .0925991          0         1  3+ stools in 24 hr,...
d3plus7d     19850      2  .1068514          0         1  3+ stools in 24 hr,...
dloose2d     19845      2  .0426304          0         1  loose or watery sto...
dloose7d     19839      2  .0503554          0         1  loose or watery sto...
dblood2d     19820      2  .0059031          0         1  blood in stool, 2d ...
dblood7d     19820      2  .0079213          0         1  blood in stool, 7d ...
diar2d       19849      2  .0377853          0         1  Diarrhea case, 2d r...
diar7d       19849      2  .0495743          0         1  Diarrhea case, 7d r...
bruise2d     19838      2  .0218268          0         1  Bruising, 2d recall
bruise7d     19831      2  .0282386          0         1  Bruising, 7d recall
tooth2d      19836      2  .0017645          0         1  Toothache, 2d recall
tooth7d      19834      2  .0023192          0         1  Toothache, 7d recall
--------------------------------------------------------------------------------

. 
. * write a codebook for the dataset
. log close
      name:  <unnamed>
       log:  /Users/benarnold/WASHB-Bangladesh-primary-outcomes/src/dm/7-banglad
> esh-hbgdki-data-extract.log
  log type:  text
 closed on:  18 Oct 2016, 09:38:06
--------------------------------------------------------------------------------
--------------------------------------------------------------------------------
      name:  <unnamed>
       log:  /Users/benarnold/WASHB-Bangladesh-primary-outcomes/src/dm/7-banglad
> esh-hbgdki-data-extract.log
  log type:  text
 opened on:  18 Oct 2016, 09:38:08

. *--------------------------------------------
. * unblinded treatment assignment dataset
. * (password protected - must mount disc img)
. *--------------------------------------------
. use "/Volumes/0-Treatment-assignments/washb-bangladesh-tr.dta", clear
file /Volumes/0-Treatment-assignments/washb-bangladesh-tr.dta not found
r(601);

end of do-file

r(601);

. exit
